Command line: /storage/mi/sajjak01/applied_SeqAn/adenovirus_analysis/.snakemake/conda/cd31d89c0c68fd67ecd548383a0dec8c_/bin/spades.py	-1	/storage/mi/sajjak01/applied_SeqAn/adenovirus_analysis/results/trimmed/sample1_1.fq.gz	-2	/storage/mi/sajjak01/applied_SeqAn/adenovirus_analysis/results/trimmed/sample1_2.fq.gz	-o	/storage/mi/sajjak01/applied_SeqAn/adenovirus_analysis/results/assembly/sample1	--threads	4	

System information:
  SPAdes version: 3.15.5
  Python version: 3.10.14
  OS: Linux-6.1.0-37-amd64-x86_64-with-glibc2.36

Output dir: /storage/mi/sajjak01/applied_SeqAn/adenovirus_analysis/results/assembly/sample1
Mode: read error correction and assembling
Debug mode is turned OFF

Dataset parameters:
  Standard mode
  For multi-cell/isolate data we recommend to use '--isolate' option; for single-cell MDA data use '--sc'; for metagenomic data use '--meta'; for RNA-Seq use '--rna'.
  Reads:
    Library number: 1, library type: paired-end
      orientation: fr
      left reads: ['/storage/mi/sajjak01/applied_SeqAn/adenovirus_analysis/results/trimmed/sample1_1.fq.gz']
      right reads: ['/storage/mi/sajjak01/applied_SeqAn/adenovirus_analysis/results/trimmed/sample1_2.fq.gz']
      interlaced reads: not specified
      single reads: not specified
      merged reads: not specified
Read error correction parameters:
  Iterations: 1
  PHRED offset will be auto-detected
  Corrected reads will be compressed
Assembly parameters:
  k: automatic selection based on read length
  Repeat resolution is enabled
  Mismatch careful mode is turned OFF
  MismatchCorrector will be SKIPPED
  Coverage cutoff is turned OFF
Other parameters:
  Dir for temp files: /storage/mi/sajjak01/applied_SeqAn/adenovirus_analysis/results/assembly/sample1/tmp
  Threads: 4
  Memory limit (in Gb): 250


======= SPAdes pipeline started. Log can be found here: /storage/mi/sajjak01/applied_SeqAn/adenovirus_analysis/results/assembly/sample1/spades.log

/storage/mi/sajjak01/applied_SeqAn/adenovirus_analysis/results/trimmed/sample1_1.fq.gz: max reads length: 151
/storage/mi/sajjak01/applied_SeqAn/adenovirus_analysis/results/trimmed/sample1_2.fq.gz: max reads length: 151

Reads length: 151

Default k-mer sizes were set to [21, 33, 55, 77] because estimated read length (151) is equal to or greater than 150

===== Before start started. 


===== Read error correction started. 


===== Read error correction started. 


== Running: /storage/mi/sajjak01/applied_SeqAn/adenovirus_analysis/.snakemake/conda/cd31d89c0c68fd67ecd548383a0dec8c_/bin/spades-hammer /storage/mi/sajjak01/applied_SeqAn/adenovirus_analysis/results/assembly/sample1/corrected/configs/config.info

  0:00:00.000     1M / 31M   INFO    General                 (main.cpp                  :  75)   Starting BayesHammer, built from N/A, git revision N/A
  0:00:00.000     1M / 31M   INFO    General                 (main.cpp                  :  76)   Loading config from /storage/mi/sajjak01/applied_SeqAn/adenovirus_analysis/results/assembly/sample1/corrected/configs/config.info
  0:00:00.002     1M / 31M   INFO    General                 (main.cpp                  :  78)   Maximum # of threads to use (adjusted due to OMP capabilities): 4
  0:00:00.002     1M / 31M   INFO    General                 (memory_limit.cpp          :  54)   Memory limit set to 250 Gb
  0:00:00.002     1M / 31M   INFO    General                 (main.cpp                  :  86)   Trying to determine PHRED offset
  0:00:00.018     1M / 31M   ERROR   General                 (main.cpp                  :  89)   Failed to determine offset! Specify it manually and restart, please!


== Error ==  system call for: "['/storage/mi/sajjak01/applied_SeqAn/adenovirus_analysis/.snakemake/conda/cd31d89c0c68fd67ecd548383a0dec8c_/bin/spades-hammer', '/storage/mi/sajjak01/applied_SeqAn/adenovirus_analysis/results/assembly/sample1/corrected/configs/config.info']" finished abnormally, OS return value: 255
None

In case you have troubles running SPAdes, you can write to spades.support@cab.spbu.ru
or report an issue on our GitHub repository github.com/ablab/spades
Please provide us with params.txt and spades.log files from the output directory.

SPAdes log can be found here: /storage/mi/sajjak01/applied_SeqAn/adenovirus_analysis/results/assembly/sample1/spades.log

Thank you for using SPAdes!
 provide us with params.txt and spades.log files from the output directory.

SPAdes log can be found here: /storage/mi/sajjak01/applied_SeqAn/adenovirus_analysis/results/assembly/sample1/spades.log

Thank you for using SPAdes!
