Read1 before filtering:
total reads: 100147
total bases: 11707733
Q20 bases: 11591976(99.0113%)
Q30 bases: 11312601(96.625%)

Read2 before filtering:
total reads: 100147
total bases: 11704364
Q20 bases: 11548180(98.6656%)
Q30 bases: 11209269(95.77%)

Read1 after filtering:
total reads: 100147
total bases: 11706358
Q20 bases: 11590633(99.0114%)
Q30 bases: 11311326(96.6255%)

Read2 after filtering:
total reads: 100147
total bases: 11688828
Q20 bases: 11533068(98.6674%)
Q30 bases: 11194902(95.7744%)

Filtering result:
reads passed filter: 200294
reads failed due to low quality: 0
reads failed due to too many N: 0
reads failed due to too short: 0
reads with adapter trimmed: 5762
bases trimmed due to adapters: 16911

Duplication rate: 6.79202%

Insert size peak (evaluated by paired-end reads): 83

JSON report: results/qc/sample2_fastp.json
HTML report: results/qc/sample2_fastp.html

fastp -i data/sample_24_1.fastq.gz -I data/sample_24_2.fastq.gz -o results/trimmed/sample2_1.fq.gz -O results/trimmed/sample2_2.fq.gz -h results/qc/sample2_fastp.html -j results/qc/sample2_fastp.json -w 4 
fastp v0.23.4, time used: 1 seconds
