Read1 before filtering:
total reads: 144130
total bases: 15785179
Q20 bases: 15785179(100%)
Q30 bases: 15785179(100%)

Read2 before filtering:
total reads: 144130
total bases: 15784736
Q20 bases: 15784736(100%)
Q30 bases: 15784736(100%)

Read1 after filtering:
total reads: 144130
total bases: 15783258
Q20 bases: 15783258(100%)
Q30 bases: 15783258(100%)

Read2 after filtering:
total reads: 144130
total bases: 15761158
Q20 bases: 15761158(100%)
Q30 bases: 15761158(100%)

Filtering result:
reads passed filter: 288260
reads failed due to low quality: 0
reads failed due to too many N: 0
reads failed due to too short: 0
reads with adapter trimmed: 8588
bases trimmed due to adapters: 25499

Duplication rate: 9.3041%

Insert size peak (evaluated by paired-end reads): 74

JSON report: results/qc/sample1_fastp.json
HTML report: results/qc/sample1_fastp.html

fastp -i data/sample_22_1.fastq.gz -I data/sample_22_2.fastq.gz -o results/trimmed/sample1_1.fq.gz -O results/trimmed/sample1_2.fq.gz -h results/qc/sample1_fastp.html -j results/qc/sample1_fastp.json -w 4 
fastp v0.23.4, time used: 1 seconds
